{
    "stats": {
        "suites": 9,
        "tests": 9,
        "passes": 27,
        "pending": 0,
        "failures": 0,
        "start": "Tue Apr 15 2025 19:22:49 GMT+0200 (Central European Summer Time)",
        "end": "Tue Apr 15 2025 19:23:04 GMT+0200 (Central European Summer Time)",
        "duration": 40112,
        "testsRegistered": 9,
        "passPercent": 300,
        "pendingPercent": 0,
        "other": 0,
        "hasOther": false,
        "skipped": 0,
        "hasSkipped": false
    },
    "results": [
        {
            "uuid": "",
            "title": "",
            "fullFile": "",
            "file": "",
            "beforeHooks": [],
            "afterHooks": [],
            "tests": [],
            "suites": [
                {
                    "uuid": "fb2d6983-00fd-451c-a80a-fa9017acc06d",
                    "title": "GitHub Main Page Tests",
                    "fullFile": "/Users/bohdanyankevych/QA-AUTOMATION-TYPESCRIPT-1_Homework./lesson21/tests/github-main-page.spec.ts",
                    "file": "github-main-page.spec.ts",
                    "beforeHooks": [],
                    "afterHooks": [],
                    "tests": [
                        {
                            "parentTitle": "GitHub Main Page Tests",
                            "title": "Search for playwright from main page",
                            "fullTitle": "GitHub Main Page Tests Search for playwright from main page",
                            "timedOut": false,
                            "duration": 3459,
                            "state": "passed",
                            "speed": "slow",
                            "pass": true,
                            "fail": false,
                            "pending": false,
                            "context": "",
                            "code": "//Step: browserType.launch | Category: pw:api | Duration: 1748\n//Step: fixture: browser | Category: fixture | Duration: 1749\n//Step: browser.newContext | Category: pw:api | Duration: 12\n//Step: fixture: context | Category: fixture | Duration: 14\n//Step: browserContext.newPage | Category: pw:api | Duration: 567\n//Step: fixture: page | Category: fixture | Duration: 568\n//Step: Before Hooks | Category: hook | Duration: 2335\n//Step: page.goto(https://github.com) | Category: pw:api | Duration: 1906\n//Step: expect.toBeVisible | Category: expect | Duration: 242\n//Step: locator.click(header >> button[aria-label=\"Search or jump to…\"]) | Category: pw:api | Duration: 117\n//Step: expect.toBeVisible | Category: expect | Duration: 7\n//Step: locator.fill(header >> input[name=\"query-builder-test\"]) | Category: pw:api | Duration: 12\n//Step: locator.press(header >> input[name=\"query-builder-test\"], Enter) | Category: pw:api | Duration: 39\n//Step: fixture: page | Category: fixture | Duration: 1\n//Step: fixture: context | Category: fixture | Duration: 0\n//Step: After Hooks | Category: hook | Duration: 479",
                            "err": {},
                            "uuid": "8118d642-3eb6-4e84-8647-19871911b678",
                            "isHook": false,
                            "skipped": false
                        },
                        {
                            "parentTitle": "GitHub Main Page Tests",
                            "title": "Visit main page and verify header",
                            "fullTitle": "GitHub Main Page Tests Visit main page and verify header",
                            "timedOut": false,
                            "duration": 3495,
                            "state": "passed",
                            "speed": "slow",
                            "pass": true,
                            "fail": false,
                            "pending": false,
                            "context": "",
                            "code": "//Step: browserType.launch | Category: pw:api | Duration: 1652\n//Step: fixture: browser | Category: fixture | Duration: 1653\n//Step: browser.newContext | Category: pw:api | Duration: 17\n//Step: fixture: context | Category: fixture | Duration: 39\n//Step: browserType.launch | Category: pw:api | Duration: 1758\n//Step: fixture: browser | Category: fixture | Duration: 1759\n//Step: browser.newContext | Category: pw:api | Duration: 12\n//Step: fixture: context | Category: fixture | Duration: 15\n//Step: browserContext.newPage | Category: pw:api | Duration: 617\n//Step: fixture: page | Category: fixture | Duration: 618\n//Step: Before Hooks | Category: hook | Duration: 2398\n//Step: browserContext.newPage | Category: pw:api | Duration: 1942\n//Step: fixture: page | Category: fixture | Duration: 1958\n//Step: Before Hooks | Category: hook | Duration: 3659\n//Step: page.goto(https://github.com) | Category: pw:api | Duration: 2328\n//Step: expect.toBeVisible | Category: expect | Duration: 243\n//Step: expect.toBeVisible | Category: expect | Duration: 6\n//Step: fixture: page | Category: fixture | Duration: 2\n//Step: fixture: context | Category: fixture | Duration: 0\n//Step: After Hooks | Category: hook | Duration: 234",
                            "err": {},
                            "uuid": "3de0aa99-c041-4de9-8639-894e775bf6df",
                            "isHook": false,
                            "skipped": false
                        },
                        {
                            "parentTitle": "GitHub Main Page Tests",
                            "title": "Visit main page and verify header",
                            "fullTitle": "GitHub Main Page Tests Visit main page and verify header",
                            "timedOut": false,
                            "duration": 4302,
                            "state": "passed",
                            "speed": "slow",
                            "pass": true,
                            "fail": false,
                            "pending": false,
                            "context": "",
                            "code": "//Step: browserType.launch | Category: pw:api | Duration: 1652\n//Step: fixture: browser | Category: fixture | Duration: 1653\n//Step: browser.newContext | Category: pw:api | Duration: 17\n//Step: fixture: context | Category: fixture | Duration: 39\n//Step: browserType.launch | Category: pw:api | Duration: 1758\n//Step: fixture: browser | Category: fixture | Duration: 1759\n//Step: browser.newContext | Category: pw:api | Duration: 12\n//Step: fixture: context | Category: fixture | Duration: 15\n//Step: browserContext.newPage | Category: pw:api | Duration: 617\n//Step: fixture: page | Category: fixture | Duration: 618\n//Step: Before Hooks | Category: hook | Duration: 2398\n//Step: browserContext.newPage | Category: pw:api | Duration: 1942\n//Step: fixture: page | Category: fixture | Duration: 1958\n//Step: Before Hooks | Category: hook | Duration: 3659\n//Step: page.goto(https://github.com) | Category: pw:api | Duration: 2328\n//Step: expect.toBeVisible | Category: expect | Duration: 243\n//Step: expect.toBeVisible | Category: expect | Duration: 6\n//Step: fixture: page | Category: fixture | Duration: 2\n//Step: fixture: context | Category: fixture | Duration: 0\n//Step: After Hooks | Category: hook | Duration: 234\n//Step: page.goto(https://github.com) | Category: pw:api | Duration: 2073\n//Step: expect.toBeVisible | Category: expect | Duration: 33\n//Step: expect.toBeVisible | Category: expect | Duration: 7\n//Step: fixture: page | Category: fixture | Duration: 0\n//Step: fixture: context | Category: fixture | Duration: 0\n//Step: After Hooks | Category: hook | Duration: 180",
                            "err": {},
                            "uuid": "a38138b6-208d-4101-9c70-527401bd1285",
                            "isHook": false,
                            "skipped": false
                        },
                        {
                            "parentTitle": "GitHub Main Page Tests",
                            "title": "Visit main page and verify header",
                            "fullTitle": "GitHub Main Page Tests Visit main page and verify header",
                            "timedOut": false,
                            "duration": 4397,
                            "state": "passed",
                            "speed": "slow",
                            "pass": true,
                            "fail": false,
                            "pending": false,
                            "context": "",
                            "code": "//Step: browserType.launch | Category: pw:api | Duration: 1652\n//Step: fixture: browser | Category: fixture | Duration: 1653\n//Step: browser.newContext | Category: pw:api | Duration: 17\n//Step: fixture: context | Category: fixture | Duration: 39\n//Step: browserType.launch | Category: pw:api | Duration: 1758\n//Step: fixture: browser | Category: fixture | Duration: 1759\n//Step: browser.newContext | Category: pw:api | Duration: 12\n//Step: fixture: context | Category: fixture | Duration: 15\n//Step: browserContext.newPage | Category: pw:api | Duration: 617\n//Step: fixture: page | Category: fixture | Duration: 618\n//Step: Before Hooks | Category: hook | Duration: 2398\n//Step: browserContext.newPage | Category: pw:api | Duration: 1942\n//Step: fixture: page | Category: fixture | Duration: 1958\n//Step: Before Hooks | Category: hook | Duration: 3659\n//Step: page.goto(https://github.com) | Category: pw:api | Duration: 2328\n//Step: expect.toBeVisible | Category: expect | Duration: 243\n//Step: expect.toBeVisible | Category: expect | Duration: 6\n//Step: fixture: page | Category: fixture | Duration: 2\n//Step: fixture: context | Category: fixture | Duration: 0\n//Step: After Hooks | Category: hook | Duration: 234\n//Step: page.goto(https://github.com) | Category: pw:api | Duration: 2073\n//Step: expect.toBeVisible | Category: expect | Duration: 33\n//Step: expect.toBeVisible | Category: expect | Duration: 7\n//Step: fixture: page | Category: fixture | Duration: 0\n//Step: fixture: context | Category: fixture | Duration: 0\n//Step: After Hooks | Category: hook | Duration: 180\n//Step: browserType.launch | Category: pw:api | Duration: 426\n//Step: fixture: browser | Category: fixture | Duration: 427\n//Step: browser.newContext | Category: pw:api | Duration: 65\n//Step: fixture: context | Category: fixture | Duration: 68\n//Step: browserContext.newPage | Category: pw:api | Duration: 665\n//Step: fixture: page | Category: fixture | Duration: 666\n//Step: Before Hooks | Category: hook | Duration: 1175\n//Step: page.goto(https://github.com) | Category: pw:api | Duration: 2364\n//Step: expect.toBeVisible | Category: expect | Duration: 339\n//Step: expect.toBeVisible | Category: expect | Duration: 75\n//Step: fixture: page | Category: fixture | Duration: 1\n//Step: fixture: context | Category: fixture | Duration: 0\n//Step: After Hooks | Category: hook | Duration: 850",
                            "err": {},
                            "uuid": "f5a33c5c-51cb-4801-a55a-28fd5a34f542",
                            "isHook": false,
                            "skipped": false
                        },
                        {
                            "parentTitle": "GitHub Main Page Tests",
                            "title": "Search for playwright from main page",
                            "fullTitle": "GitHub Main Page Tests Search for playwright from main page",
                            "timedOut": false,
                            "duration": 4933,
                            "state": "passed",
                            "speed": "slow",
                            "pass": true,
                            "fail": false,
                            "pending": false,
                            "context": "",
                            "code": "//Step: browserType.launch | Category: pw:api | Duration: 1748\n//Step: fixture: browser | Category: fixture | Duration: 1749\n//Step: browser.newContext | Category: pw:api | Duration: 12\n//Step: fixture: context | Category: fixture | Duration: 14\n//Step: browserContext.newPage | Category: pw:api | Duration: 567\n//Step: fixture: page | Category: fixture | Duration: 568\n//Step: Before Hooks | Category: hook | Duration: 2335\n//Step: page.goto(https://github.com) | Category: pw:api | Duration: 1906\n//Step: expect.toBeVisible | Category: expect | Duration: 242\n//Step: locator.click(header >> button[aria-label=\"Search or jump to…\"]) | Category: pw:api | Duration: 117\n//Step: expect.toBeVisible | Category: expect | Duration: 7\n//Step: locator.fill(header >> input[name=\"query-builder-test\"]) | Category: pw:api | Duration: 12\n//Step: locator.press(header >> input[name=\"query-builder-test\"], Enter) | Category: pw:api | Duration: 39\n//Step: fixture: page | Category: fixture | Duration: 1\n//Step: fixture: context | Category: fixture | Duration: 0\n//Step: After Hooks | Category: hook | Duration: 479\n//Step: browserType.launch | Category: pw:api | Duration: 393\n//Step: fixture: browser | Category: fixture | Duration: 395\n//Step: browserType.launch | Category: pw:api | Duration: 645\n//Step: fixture: browser | Category: fixture | Duration: 646\n//Step: browser.newContext | Category: pw:api | Duration: 65\n//Step: fixture: context | Category: fixture | Duration: 67\n//Step: browser.newContext | Category: pw:api | Duration: 17\n//Step: fixture: context | Category: fixture | Duration: 19\n//Step: browserContext.newPage | Category: pw:api | Duration: 669\n//Step: fixture: page | Category: fixture | Duration: 671\n//Step: Before Hooks | Category: hook | Duration: 1137\n//Step: browserContext.newPage | Category: pw:api | Duration: 976\n//Step: fixture: page | Category: fixture | Duration: 978\n//Step: Before Hooks | Category: hook | Duration: 1648\n//Step: page.goto(https://github.com) | Category: pw:api | Duration: 2410\n//Step: expect.toBeVisible | Category: expect | Duration: 274\n//Step: page.goto(https://github.com) | Category: pw:api | Duration: 2637\n//Step: locator.click(header >> button[aria-label=\"Search or jump to…\"]) | Category: pw:api | Duration: 244\n//Step: expect.toBeVisible | Category: expect | Duration: 13\n//Step: locator.fill(header >> input[name=\"query-builder-test\"]) | Category: pw:api | Duration: 53\n//Step: locator.press(header >> input[name=\"query-builder-test\"], Enter) | Category: pw:api | Duration: 126\n//Step: fixture: page | Category: fixture | Duration: 0\n//Step: fixture: context | Category: fixture | Duration: 9\n//Step: expect.toBeVisible | Category: expect | Duration: 1028\n//Step: After Hooks | Category: hook | Duration: 1013",
                            "err": {},
                            "uuid": "e5a06f66-c5a6-4b4a-b9f7-6da7c88c21ad",
                            "isHook": false,
                            "skipped": false
                        },
                        {
                            "parentTitle": "GitHub Main Page Tests",
                            "title": "Search for playwright from main page",
                            "fullTitle": "GitHub Main Page Tests Search for playwright from main page",
                            "timedOut": false,
                            "duration": 5542,
                            "state": "passed",
                            "speed": "slow",
                            "pass": true,
                            "fail": false,
                            "pending": false,
                            "context": "",
                            "code": "//Step: browserType.launch | Category: pw:api | Duration: 1748\n//Step: fixture: browser | Category: fixture | Duration: 1749\n//Step: browser.newContext | Category: pw:api | Duration: 12\n//Step: fixture: context | Category: fixture | Duration: 14\n//Step: browserContext.newPage | Category: pw:api | Duration: 567\n//Step: fixture: page | Category: fixture | Duration: 568\n//Step: Before Hooks | Category: hook | Duration: 2335\n//Step: page.goto(https://github.com) | Category: pw:api | Duration: 1906\n//Step: expect.toBeVisible | Category: expect | Duration: 242\n//Step: locator.click(header >> button[aria-label=\"Search or jump to…\"]) | Category: pw:api | Duration: 117\n//Step: expect.toBeVisible | Category: expect | Duration: 7\n//Step: locator.fill(header >> input[name=\"query-builder-test\"]) | Category: pw:api | Duration: 12\n//Step: locator.press(header >> input[name=\"query-builder-test\"], Enter) | Category: pw:api | Duration: 39\n//Step: fixture: page | Category: fixture | Duration: 1\n//Step: fixture: context | Category: fixture | Duration: 0\n//Step: After Hooks | Category: hook | Duration: 479\n//Step: browserType.launch | Category: pw:api | Duration: 393\n//Step: fixture: browser | Category: fixture | Duration: 395\n//Step: browserType.launch | Category: pw:api | Duration: 645\n//Step: fixture: browser | Category: fixture | Duration: 646\n//Step: browser.newContext | Category: pw:api | Duration: 65\n//Step: fixture: context | Category: fixture | Duration: 67\n//Step: browser.newContext | Category: pw:api | Duration: 17\n//Step: fixture: context | Category: fixture | Duration: 19\n//Step: browserContext.newPage | Category: pw:api | Duration: 669\n//Step: fixture: page | Category: fixture | Duration: 671\n//Step: Before Hooks | Category: hook | Duration: 1137\n//Step: browserContext.newPage | Category: pw:api | Duration: 976\n//Step: fixture: page | Category: fixture | Duration: 978\n//Step: Before Hooks | Category: hook | Duration: 1648\n//Step: page.goto(https://github.com) | Category: pw:api | Duration: 2410\n//Step: expect.toBeVisible | Category: expect | Duration: 274\n//Step: page.goto(https://github.com) | Category: pw:api | Duration: 2637\n//Step: locator.click(header >> button[aria-label=\"Search or jump to…\"]) | Category: pw:api | Duration: 244\n//Step: expect.toBeVisible | Category: expect | Duration: 13\n//Step: locator.fill(header >> input[name=\"query-builder-test\"]) | Category: pw:api | Duration: 53\n//Step: locator.press(header >> input[name=\"query-builder-test\"], Enter) | Category: pw:api | Duration: 126\n//Step: fixture: page | Category: fixture | Duration: 0\n//Step: fixture: context | Category: fixture | Duration: 9\n//Step: expect.toBeVisible | Category: expect | Duration: 1028\n//Step: After Hooks | Category: hook | Duration: 1013\n//Step: locator.click(header >> button[aria-label=\"Search or jump to…\"]) | Category: pw:api | Duration: 325\n//Step: expect.toBeVisible | Category: expect | Duration: 25\n//Step: locator.fill(header >> input[name=\"query-builder-test\"]) | Category: pw:api | Duration: 215\n//Step: locator.press(header >> input[name=\"query-builder-test\"], Enter) | Category: pw:api | Duration: 67\n//Step: fixture: page | Category: fixture | Duration: 0\n//Step: fixture: context | Category: fixture | Duration: 0\n//Step: After Hooks | Category: hook | Duration: 226",
                            "err": {},
                            "uuid": "0c3f3019-fc2e-49a0-981f-426cd7ce271a",
                            "isHook": false,
                            "skipped": false
                        }
                    ],
                    "suites": [],
                    "passes": [
                        "8118d642-3eb6-4e84-8647-19871911b678",
                        "3de0aa99-c041-4de9-8639-894e775bf6df",
                        "a38138b6-208d-4101-9c70-527401bd1285",
                        "f5a33c5c-51cb-4801-a55a-28fd5a34f542",
                        "e5a06f66-c5a6-4b4a-b9f7-6da7c88c21ad",
                        "0c3f3019-fc2e-49a0-981f-426cd7ce271a"
                    ],
                    "failures": [],
                    "pending": [],
                    "skipped": [],
                    "duration": 26128,
                    "root": false,
                    "rootEmpty": false,
                    "_timeout": 0
                },
                {
                    "uuid": "a597c267-7d87-47c0-8d9b-fc2b5aee07b9",
                    "title": "GitHub Search Tests",
                    "fullFile": "/Users/bohdanyankevych/QA-AUTOMATION-TYPESCRIPT-1_Homework./lesson21/tests/github-search.spec.ts",
                    "file": "github-search.spec.ts",
                    "beforeHooks": [],
                    "afterHooks": [],
                    "tests": [
                        {
                            "parentTitle": "GitHub Search Tests",
                            "title": "Should perform a search and show results",
                            "fullTitle": "GitHub Search Tests Should perform a search and show results",
                            "timedOut": false,
                            "duration": 4509,
                            "state": "passed",
                            "speed": "slow",
                            "pass": true,
                            "fail": false,
                            "pending": false,
                            "context": "",
                            "code": "//Step: browserType.launch | Category: pw:api | Duration: 1756\n//Step: fixture: browser | Category: fixture | Duration: 1759\n//Step: browser.newContext | Category: pw:api | Duration: 11\n//Step: fixture: context | Category: fixture | Duration: 12\n//Step: browserContext.newPage | Category: pw:api | Duration: 578\n//Step: fixture: page | Category: fixture | Duration: 579\n//Step: Before Hooks | Category: hook | Duration: 2356\n//Step: page.goto(https://github.com) | Category: pw:api | Duration: 1827\n//Step: expect.toBeVisible | Category: expect | Duration: 26\n//Step: locator.click(header >> button[aria-label=\"Search or jump to…\"]) | Category: pw:api | Duration: 355\n//Step: expect.toBeVisible | Category: expect | Duration: 38\n//Step: locator.fill(header >> input[name=\"query-builder-test\"]) | Category: pw:api | Duration: 15\n//Step: locator.press(header >> input[name=\"query-builder-test\"], Enter) | Category: pw:api | Duration: 20\n//Step: expect.toBeVisible | Category: expect | Duration: 1104\n//Step: fixture: page | Category: fixture | Duration: 0\n//Step: fixture: context | Category: fixture | Duration: 1\n//Step: After Hooks | Category: hook | Duration: 483",
                            "err": {},
                            "uuid": "57d2cd9f-47e9-4992-9103-b3a06b6e803e",
                            "isHook": false,
                            "skipped": false
                        },
                        {
                            "parentTitle": "GitHub Search Tests",
                            "title": "Should perform a search and show results",
                            "fullTitle": "GitHub Search Tests Should perform a search and show results",
                            "timedOut": false,
                            "duration": 6304,
                            "state": "passed",
                            "speed": "slow",
                            "pass": true,
                            "fail": false,
                            "pending": false,
                            "context": "",
                            "code": "//Step: browserType.launch | Category: pw:api | Duration: 1756\n//Step: fixture: browser | Category: fixture | Duration: 1759\n//Step: browser.newContext | Category: pw:api | Duration: 11\n//Step: fixture: context | Category: fixture | Duration: 12\n//Step: browserContext.newPage | Category: pw:api | Duration: 578\n//Step: fixture: page | Category: fixture | Duration: 579\n//Step: Before Hooks | Category: hook | Duration: 2356\n//Step: page.goto(https://github.com) | Category: pw:api | Duration: 1827\n//Step: expect.toBeVisible | Category: expect | Duration: 26\n//Step: locator.click(header >> button[aria-label=\"Search or jump to…\"]) | Category: pw:api | Duration: 355\n//Step: expect.toBeVisible | Category: expect | Duration: 38\n//Step: locator.fill(header >> input[name=\"query-builder-test\"]) | Category: pw:api | Duration: 15\n//Step: locator.press(header >> input[name=\"query-builder-test\"], Enter) | Category: pw:api | Duration: 20\n//Step: expect.toBeVisible | Category: expect | Duration: 1104\n//Step: fixture: page | Category: fixture | Duration: 0\n//Step: fixture: context | Category: fixture | Duration: 1\n//Step: After Hooks | Category: hook | Duration: 483\n//Step: browserType.launch | Category: pw:api | Duration: 1086\n//Step: fixture: browser | Category: fixture | Duration: 1087\n//Step: browser.newContext | Category: pw:api | Duration: 181\n//Step: fixture: context | Category: fixture | Duration: 185\n//Step: browserContext.newPage | Category: pw:api | Duration: 1422\n//Step: fixture: page | Category: fixture | Duration: 1424\n//Step: Before Hooks | Category: hook | Duration: 2702\n//Step: browser.newContext | Category: pw:api | Duration: 12\n//Step: fixture: context | Category: fixture | Duration: 15\n//Step: browserContext.newPage | Category: pw:api | Duration: 551\n//Step: fixture: page | Category: fixture | Duration: 553\n//Step: Before Hooks | Category: hook | Duration: 574\n//Step: page.goto(https://github.com) | Category: pw:api | Duration: 3163\n//Step: expect.toBeVisible | Category: expect | Duration: 135\n//Step: locator.click(header >> button[aria-label=\"Search or jump to…\"]) | Category: pw:api | Duration: 476\n//Step: expect.toBeVisible | Category: expect | Duration: 16\n//Step: locator.fill(header >> input[name=\"query-builder-test\"]) | Category: pw:api | Duration: 146\n//Step: locator.press(header >> input[name=\"query-builder-test\"], Enter) | Category: pw:api | Duration: 76\n//Step: page.goto(https://github.com) | Category: pw:api | Duration: 1438\n//Step: expect.toBeVisible | Category: expect | Duration: 23\n//Step: expect.toBeVisible | Category: expect | Duration: 450\n//Step: fixture: page | Category: fixture | Duration: 0\n//Step: fixture: context | Category: fixture | Duration: 0\n//Step: locator.click(header >> button[aria-label=\"Search or jump to…\"]) | Category: pw:api | Duration: 256\n//Step: expect.toBeVisible | Category: expect | Duration: 3\n//Step: locator.fill(header >> input[name=\"query-builder-test\"]) | Category: pw:api | Duration: 14\n//Step: locator.press(header >> input[name=\"query-builder-test\"], Enter) | Category: pw:api | Duration: 34\n//Step: After Hooks | Category: hook | Duration: 206",
                            "err": {},
                            "uuid": "782637f6-6d45-4766-b1f9-3934c75e557d",
                            "isHook": false,
                            "skipped": false
                        },
                        {
                            "parentTitle": "GitHub Search Tests",
                            "title": "Should perform a search and show results",
                            "fullTitle": "GitHub Search Tests Should perform a search and show results",
                            "timedOut": false,
                            "duration": 3171,
                            "state": "passed",
                            "speed": "slow",
                            "pass": true,
                            "fail": false,
                            "pending": false,
                            "context": "",
                            "code": "//Step: browserType.launch | Category: pw:api | Duration: 1756\n//Step: fixture: browser | Category: fixture | Duration: 1759\n//Step: browser.newContext | Category: pw:api | Duration: 11\n//Step: fixture: context | Category: fixture | Duration: 12\n//Step: browserContext.newPage | Category: pw:api | Duration: 578\n//Step: fixture: page | Category: fixture | Duration: 579\n//Step: Before Hooks | Category: hook | Duration: 2356\n//Step: page.goto(https://github.com) | Category: pw:api | Duration: 1827\n//Step: expect.toBeVisible | Category: expect | Duration: 26\n//Step: locator.click(header >> button[aria-label=\"Search or jump to…\"]) | Category: pw:api | Duration: 355\n//Step: expect.toBeVisible | Category: expect | Duration: 38\n//Step: locator.fill(header >> input[name=\"query-builder-test\"]) | Category: pw:api | Duration: 15\n//Step: locator.press(header >> input[name=\"query-builder-test\"], Enter) | Category: pw:api | Duration: 20\n//Step: expect.toBeVisible | Category: expect | Duration: 1104\n//Step: fixture: page | Category: fixture | Duration: 0\n//Step: fixture: context | Category: fixture | Duration: 1\n//Step: After Hooks | Category: hook | Duration: 483\n//Step: browserType.launch | Category: pw:api | Duration: 1086\n//Step: fixture: browser | Category: fixture | Duration: 1087\n//Step: browser.newContext | Category: pw:api | Duration: 181\n//Step: fixture: context | Category: fixture | Duration: 185\n//Step: browserContext.newPage | Category: pw:api | Duration: 1422\n//Step: fixture: page | Category: fixture | Duration: 1424\n//Step: Before Hooks | Category: hook | Duration: 2702\n//Step: browser.newContext | Category: pw:api | Duration: 12\n//Step: fixture: context | Category: fixture | Duration: 15\n//Step: browserContext.newPage | Category: pw:api | Duration: 551\n//Step: fixture: page | Category: fixture | Duration: 553\n//Step: Before Hooks | Category: hook | Duration: 574\n//Step: page.goto(https://github.com) | Category: pw:api | Duration: 3163\n//Step: expect.toBeVisible | Category: expect | Duration: 135\n//Step: locator.click(header >> button[aria-label=\"Search or jump to…\"]) | Category: pw:api | Duration: 476\n//Step: expect.toBeVisible | Category: expect | Duration: 16\n//Step: locator.fill(header >> input[name=\"query-builder-test\"]) | Category: pw:api | Duration: 146\n//Step: locator.press(header >> input[name=\"query-builder-test\"], Enter) | Category: pw:api | Duration: 76\n//Step: page.goto(https://github.com) | Category: pw:api | Duration: 1438\n//Step: expect.toBeVisible | Category: expect | Duration: 23\n//Step: expect.toBeVisible | Category: expect | Duration: 450\n//Step: fixture: page | Category: fixture | Duration: 0\n//Step: fixture: context | Category: fixture | Duration: 0\n//Step: locator.click(header >> button[aria-label=\"Search or jump to…\"]) | Category: pw:api | Duration: 256\n//Step: expect.toBeVisible | Category: expect | Duration: 3\n//Step: locator.fill(header >> input[name=\"query-builder-test\"]) | Category: pw:api | Duration: 14\n//Step: locator.press(header >> input[name=\"query-builder-test\"], Enter) | Category: pw:api | Duration: 34\n//Step: After Hooks | Category: hook | Duration: 206\n//Step: expect.toBeVisible | Category: expect | Duration: 482\n//Step: fixture: page | Category: fixture | Duration: 0\n//Step: fixture: context | Category: fixture | Duration: 0\n//Step: After Hooks | Category: hook | Duration: 342",
                            "err": {},
                            "uuid": "52a357e0-5d2a-4978-be62-e8864ce518ea",
                            "isHook": false,
                            "skipped": false
                        }
                    ],
                    "suites": [],
                    "passes": [
                        "57d2cd9f-47e9-4992-9103-b3a06b6e803e",
                        "782637f6-6d45-4766-b1f9-3934c75e557d",
                        "52a357e0-5d2a-4978-be62-e8864ce518ea"
                    ],
                    "failures": [],
                    "pending": [],
                    "skipped": [],
                    "duration": 13984,
                    "root": false,
                    "rootEmpty": false,
                    "_timeout": 0
                },
                {
                    "uuid": "2001bf30-9730-497d-8174-197ecc1ae131",
                    "title": "GitHub Main Page Tests",
                    "fullFile": "/Users/bohdanyankevych/QA-AUTOMATION-TYPESCRIPT-1_Homework./lesson21/tests/github-main-page.spec.ts",
                    "file": "github-main-page.spec.ts",
                    "beforeHooks": [],
                    "afterHooks": [],
                    "tests": [
                        {
                            "parentTitle": "GitHub Main Page Tests",
                            "title": "Search for playwright from main page",
                            "fullTitle": "GitHub Main Page Tests Search for playwright from main page",
                            "timedOut": false,
                            "duration": 3459,
                            "state": "passed",
                            "speed": "slow",
                            "pass": true,
                            "fail": false,
                            "pending": false,
                            "context": "",
                            "code": "//Step: browserType.launch | Category: pw:api | Duration: 1748\n//Step: fixture: browser | Category: fixture | Duration: 1749\n//Step: browser.newContext | Category: pw:api | Duration: 12\n//Step: fixture: context | Category: fixture | Duration: 14\n//Step: browserContext.newPage | Category: pw:api | Duration: 567\n//Step: fixture: page | Category: fixture | Duration: 568\n//Step: Before Hooks | Category: hook | Duration: 2335\n//Step: page.goto(https://github.com) | Category: pw:api | Duration: 1906\n//Step: expect.toBeVisible | Category: expect | Duration: 242\n//Step: locator.click(header >> button[aria-label=\"Search or jump to…\"]) | Category: pw:api | Duration: 117\n//Step: expect.toBeVisible | Category: expect | Duration: 7\n//Step: locator.fill(header >> input[name=\"query-builder-test\"]) | Category: pw:api | Duration: 12\n//Step: locator.press(header >> input[name=\"query-builder-test\"], Enter) | Category: pw:api | Duration: 39\n//Step: fixture: page | Category: fixture | Duration: 1\n//Step: fixture: context | Category: fixture | Duration: 0\n//Step: After Hooks | Category: hook | Duration: 479",
                            "err": {},
                            "uuid": "8118d642-3eb6-4e84-8647-19871911b678",
                            "isHook": false,
                            "skipped": false
                        },
                        {
                            "parentTitle": "GitHub Main Page Tests",
                            "title": "Visit main page and verify header",
                            "fullTitle": "GitHub Main Page Tests Visit main page and verify header",
                            "timedOut": false,
                            "duration": 3495,
                            "state": "passed",
                            "speed": "slow",
                            "pass": true,
                            "fail": false,
                            "pending": false,
                            "context": "",
                            "code": "//Step: browserType.launch | Category: pw:api | Duration: 1652\n//Step: fixture: browser | Category: fixture | Duration: 1653\n//Step: browser.newContext | Category: pw:api | Duration: 17\n//Step: fixture: context | Category: fixture | Duration: 39\n//Step: browserType.launch | Category: pw:api | Duration: 1758\n//Step: fixture: browser | Category: fixture | Duration: 1759\n//Step: browser.newContext | Category: pw:api | Duration: 12\n//Step: fixture: context | Category: fixture | Duration: 15\n//Step: browserContext.newPage | Category: pw:api | Duration: 617\n//Step: fixture: page | Category: fixture | Duration: 618\n//Step: Before Hooks | Category: hook | Duration: 2398\n//Step: browserContext.newPage | Category: pw:api | Duration: 1942\n//Step: fixture: page | Category: fixture | Duration: 1958\n//Step: Before Hooks | Category: hook | Duration: 3659\n//Step: page.goto(https://github.com) | Category: pw:api | Duration: 2328\n//Step: expect.toBeVisible | Category: expect | Duration: 243\n//Step: expect.toBeVisible | Category: expect | Duration: 6\n//Step: fixture: page | Category: fixture | Duration: 2\n//Step: fixture: context | Category: fixture | Duration: 0\n//Step: After Hooks | Category: hook | Duration: 234",
                            "err": {},
                            "uuid": "3de0aa99-c041-4de9-8639-894e775bf6df",
                            "isHook": false,
                            "skipped": false
                        },
                        {
                            "parentTitle": "GitHub Main Page Tests",
                            "title": "Visit main page and verify header",
                            "fullTitle": "GitHub Main Page Tests Visit main page and verify header",
                            "timedOut": false,
                            "duration": 4302,
                            "state": "passed",
                            "speed": "slow",
                            "pass": true,
                            "fail": false,
                            "pending": false,
                            "context": "",
                            "code": "//Step: browserType.launch | Category: pw:api | Duration: 1652\n//Step: fixture: browser | Category: fixture | Duration: 1653\n//Step: browser.newContext | Category: pw:api | Duration: 17\n//Step: fixture: context | Category: fixture | Duration: 39\n//Step: browserType.launch | Category: pw:api | Duration: 1758\n//Step: fixture: browser | Category: fixture | Duration: 1759\n//Step: browser.newContext | Category: pw:api | Duration: 12\n//Step: fixture: context | Category: fixture | Duration: 15\n//Step: browserContext.newPage | Category: pw:api | Duration: 617\n//Step: fixture: page | Category: fixture | Duration: 618\n//Step: Before Hooks | Category: hook | Duration: 2398\n//Step: browserContext.newPage | Category: pw:api | Duration: 1942\n//Step: fixture: page | Category: fixture | Duration: 1958\n//Step: Before Hooks | Category: hook | Duration: 3659\n//Step: page.goto(https://github.com) | Category: pw:api | Duration: 2328\n//Step: expect.toBeVisible | Category: expect | Duration: 243\n//Step: expect.toBeVisible | Category: expect | Duration: 6\n//Step: fixture: page | Category: fixture | Duration: 2\n//Step: fixture: context | Category: fixture | Duration: 0\n//Step: After Hooks | Category: hook | Duration: 234\n//Step: page.goto(https://github.com) | Category: pw:api | Duration: 2073\n//Step: expect.toBeVisible | Category: expect | Duration: 33\n//Step: expect.toBeVisible | Category: expect | Duration: 7\n//Step: fixture: page | Category: fixture | Duration: 0\n//Step: fixture: context | Category: fixture | Duration: 0\n//Step: After Hooks | Category: hook | Duration: 180",
                            "err": {},
                            "uuid": "a38138b6-208d-4101-9c70-527401bd1285",
                            "isHook": false,
                            "skipped": false
                        },
                        {
                            "parentTitle": "GitHub Main Page Tests",
                            "title": "Visit main page and verify header",
                            "fullTitle": "GitHub Main Page Tests Visit main page and verify header",
                            "timedOut": false,
                            "duration": 4397,
                            "state": "passed",
                            "speed": "slow",
                            "pass": true,
                            "fail": false,
                            "pending": false,
                            "context": "",
                            "code": "//Step: browserType.launch | Category: pw:api | Duration: 1652\n//Step: fixture: browser | Category: fixture | Duration: 1653\n//Step: browser.newContext | Category: pw:api | Duration: 17\n//Step: fixture: context | Category: fixture | Duration: 39\n//Step: browserType.launch | Category: pw:api | Duration: 1758\n//Step: fixture: browser | Category: fixture | Duration: 1759\n//Step: browser.newContext | Category: pw:api | Duration: 12\n//Step: fixture: context | Category: fixture | Duration: 15\n//Step: browserContext.newPage | Category: pw:api | Duration: 617\n//Step: fixture: page | Category: fixture | Duration: 618\n//Step: Before Hooks | Category: hook | Duration: 2398\n//Step: browserContext.newPage | Category: pw:api | Duration: 1942\n//Step: fixture: page | Category: fixture | Duration: 1958\n//Step: Before Hooks | Category: hook | Duration: 3659\n//Step: page.goto(https://github.com) | Category: pw:api | Duration: 2328\n//Step: expect.toBeVisible | Category: expect | Duration: 243\n//Step: expect.toBeVisible | Category: expect | Duration: 6\n//Step: fixture: page | Category: fixture | Duration: 2\n//Step: fixture: context | Category: fixture | Duration: 0\n//Step: After Hooks | Category: hook | Duration: 234\n//Step: page.goto(https://github.com) | Category: pw:api | Duration: 2073\n//Step: expect.toBeVisible | Category: expect | Duration: 33\n//Step: expect.toBeVisible | Category: expect | Duration: 7\n//Step: fixture: page | Category: fixture | Duration: 0\n//Step: fixture: context | Category: fixture | Duration: 0\n//Step: After Hooks | Category: hook | Duration: 180\n//Step: browserType.launch | Category: pw:api | Duration: 426\n//Step: fixture: browser | Category: fixture | Duration: 427\n//Step: browser.newContext | Category: pw:api | Duration: 65\n//Step: fixture: context | Category: fixture | Duration: 68\n//Step: browserContext.newPage | Category: pw:api | Duration: 665\n//Step: fixture: page | Category: fixture | Duration: 666\n//Step: Before Hooks | Category: hook | Duration: 1175\n//Step: page.goto(https://github.com) | Category: pw:api | Duration: 2364\n//Step: expect.toBeVisible | Category: expect | Duration: 339\n//Step: expect.toBeVisible | Category: expect | Duration: 75\n//Step: fixture: page | Category: fixture | Duration: 1\n//Step: fixture: context | Category: fixture | Duration: 0\n//Step: After Hooks | Category: hook | Duration: 850",
                            "err": {},
                            "uuid": "f5a33c5c-51cb-4801-a55a-28fd5a34f542",
                            "isHook": false,
                            "skipped": false
                        },
                        {
                            "parentTitle": "GitHub Main Page Tests",
                            "title": "Search for playwright from main page",
                            "fullTitle": "GitHub Main Page Tests Search for playwright from main page",
                            "timedOut": false,
                            "duration": 4933,
                            "state": "passed",
                            "speed": "slow",
                            "pass": true,
                            "fail": false,
                            "pending": false,
                            "context": "",
                            "code": "//Step: browserType.launch | Category: pw:api | Duration: 1748\n//Step: fixture: browser | Category: fixture | Duration: 1749\n//Step: browser.newContext | Category: pw:api | Duration: 12\n//Step: fixture: context | Category: fixture | Duration: 14\n//Step: browserContext.newPage | Category: pw:api | Duration: 567\n//Step: fixture: page | Category: fixture | Duration: 568\n//Step: Before Hooks | Category: hook | Duration: 2335\n//Step: page.goto(https://github.com) | Category: pw:api | Duration: 1906\n//Step: expect.toBeVisible | Category: expect | Duration: 242\n//Step: locator.click(header >> button[aria-label=\"Search or jump to…\"]) | Category: pw:api | Duration: 117\n//Step: expect.toBeVisible | Category: expect | Duration: 7\n//Step: locator.fill(header >> input[name=\"query-builder-test\"]) | Category: pw:api | Duration: 12\n//Step: locator.press(header >> input[name=\"query-builder-test\"], Enter) | Category: pw:api | Duration: 39\n//Step: fixture: page | Category: fixture | Duration: 1\n//Step: fixture: context | Category: fixture | Duration: 0\n//Step: After Hooks | Category: hook | Duration: 479\n//Step: browserType.launch | Category: pw:api | Duration: 393\n//Step: fixture: browser | Category: fixture | Duration: 395\n//Step: browserType.launch | Category: pw:api | Duration: 645\n//Step: fixture: browser | Category: fixture | Duration: 646\n//Step: browser.newContext | Category: pw:api | Duration: 65\n//Step: fixture: context | Category: fixture | Duration: 67\n//Step: browser.newContext | Category: pw:api | Duration: 17\n//Step: fixture: context | Category: fixture | Duration: 19\n//Step: browserContext.newPage | Category: pw:api | Duration: 669\n//Step: fixture: page | Category: fixture | Duration: 671\n//Step: Before Hooks | Category: hook | Duration: 1137\n//Step: browserContext.newPage | Category: pw:api | Duration: 976\n//Step: fixture: page | Category: fixture | Duration: 978\n//Step: Before Hooks | Category: hook | Duration: 1648\n//Step: page.goto(https://github.com) | Category: pw:api | Duration: 2410\n//Step: expect.toBeVisible | Category: expect | Duration: 274\n//Step: page.goto(https://github.com) | Category: pw:api | Duration: 2637\n//Step: locator.click(header >> button[aria-label=\"Search or jump to…\"]) | Category: pw:api | Duration: 244\n//Step: expect.toBeVisible | Category: expect | Duration: 13\n//Step: locator.fill(header >> input[name=\"query-builder-test\"]) | Category: pw:api | Duration: 53\n//Step: locator.press(header >> input[name=\"query-builder-test\"], Enter) | Category: pw:api | Duration: 126\n//Step: fixture: page | Category: fixture | Duration: 0\n//Step: fixture: context | Category: fixture | Duration: 9\n//Step: expect.toBeVisible | Category: expect | Duration: 1028\n//Step: After Hooks | Category: hook | Duration: 1013",
                            "err": {},
                            "uuid": "e5a06f66-c5a6-4b4a-b9f7-6da7c88c21ad",
                            "isHook": false,
                            "skipped": false
                        },
                        {
                            "parentTitle": "GitHub Main Page Tests",
                            "title": "Search for playwright from main page",
                            "fullTitle": "GitHub Main Page Tests Search for playwright from main page",
                            "timedOut": false,
                            "duration": 5542,
                            "state": "passed",
                            "speed": "slow",
                            "pass": true,
                            "fail": false,
                            "pending": false,
                            "context": "",
                            "code": "//Step: browserType.launch | Category: pw:api | Duration: 1748\n//Step: fixture: browser | Category: fixture | Duration: 1749\n//Step: browser.newContext | Category: pw:api | Duration: 12\n//Step: fixture: context | Category: fixture | Duration: 14\n//Step: browserContext.newPage | Category: pw:api | Duration: 567\n//Step: fixture: page | Category: fixture | Duration: 568\n//Step: Before Hooks | Category: hook | Duration: 2335\n//Step: page.goto(https://github.com) | Category: pw:api | Duration: 1906\n//Step: expect.toBeVisible | Category: expect | Duration: 242\n//Step: locator.click(header >> button[aria-label=\"Search or jump to…\"]) | Category: pw:api | Duration: 117\n//Step: expect.toBeVisible | Category: expect | Duration: 7\n//Step: locator.fill(header >> input[name=\"query-builder-test\"]) | Category: pw:api | Duration: 12\n//Step: locator.press(header >> input[name=\"query-builder-test\"], Enter) | Category: pw:api | Duration: 39\n//Step: fixture: page | Category: fixture | Duration: 1\n//Step: fixture: context | Category: fixture | Duration: 0\n//Step: After Hooks | Category: hook | Duration: 479\n//Step: browserType.launch | Category: pw:api | Duration: 393\n//Step: fixture: browser | Category: fixture | Duration: 395\n//Step: browserType.launch | Category: pw:api | Duration: 645\n//Step: fixture: browser | Category: fixture | Duration: 646\n//Step: browser.newContext | Category: pw:api | Duration: 65\n//Step: fixture: context | Category: fixture | Duration: 67\n//Step: browser.newContext | Category: pw:api | Duration: 17\n//Step: fixture: context | Category: fixture | Duration: 19\n//Step: browserContext.newPage | Category: pw:api | Duration: 669\n//Step: fixture: page | Category: fixture | Duration: 671\n//Step: Before Hooks | Category: hook | Duration: 1137\n//Step: browserContext.newPage | Category: pw:api | Duration: 976\n//Step: fixture: page | Category: fixture | Duration: 978\n//Step: Before Hooks | Category: hook | Duration: 1648\n//Step: page.goto(https://github.com) | Category: pw:api | Duration: 2410\n//Step: expect.toBeVisible | Category: expect | Duration: 274\n//Step: page.goto(https://github.com) | Category: pw:api | Duration: 2637\n//Step: locator.click(header >> button[aria-label=\"Search or jump to…\"]) | Category: pw:api | Duration: 244\n//Step: expect.toBeVisible | Category: expect | Duration: 13\n//Step: locator.fill(header >> input[name=\"query-builder-test\"]) | Category: pw:api | Duration: 53\n//Step: locator.press(header >> input[name=\"query-builder-test\"], Enter) | Category: pw:api | Duration: 126\n//Step: fixture: page | Category: fixture | Duration: 0\n//Step: fixture: context | Category: fixture | Duration: 9\n//Step: expect.toBeVisible | Category: expect | Duration: 1028\n//Step: After Hooks | Category: hook | Duration: 1013\n//Step: locator.click(header >> button[aria-label=\"Search or jump to…\"]) | Category: pw:api | Duration: 325\n//Step: expect.toBeVisible | Category: expect | Duration: 25\n//Step: locator.fill(header >> input[name=\"query-builder-test\"]) | Category: pw:api | Duration: 215\n//Step: locator.press(header >> input[name=\"query-builder-test\"], Enter) | Category: pw:api | Duration: 67\n//Step: fixture: page | Category: fixture | Duration: 0\n//Step: fixture: context | Category: fixture | Duration: 0\n//Step: After Hooks | Category: hook | Duration: 226",
                            "err": {},
                            "uuid": "0c3f3019-fc2e-49a0-981f-426cd7ce271a",
                            "isHook": false,
                            "skipped": false
                        }
                    ],
                    "suites": [],
                    "passes": [
                        "8118d642-3eb6-4e84-8647-19871911b678",
                        "3de0aa99-c041-4de9-8639-894e775bf6df",
                        "a38138b6-208d-4101-9c70-527401bd1285",
                        "f5a33c5c-51cb-4801-a55a-28fd5a34f542",
                        "e5a06f66-c5a6-4b4a-b9f7-6da7c88c21ad",
                        "0c3f3019-fc2e-49a0-981f-426cd7ce271a"
                    ],
                    "failures": [],
                    "pending": [],
                    "skipped": [],
                    "duration": 26128,
                    "root": false,
                    "rootEmpty": false,
                    "_timeout": 0
                },
                {
                    "uuid": "86896ba7-e722-4829-9540-748559f98d6d",
                    "title": "GitHub Search Tests",
                    "fullFile": "/Users/bohdanyankevych/QA-AUTOMATION-TYPESCRIPT-1_Homework./lesson21/tests/github-search.spec.ts",
                    "file": "github-search.spec.ts",
                    "beforeHooks": [],
                    "afterHooks": [],
                    "tests": [
                        {
                            "parentTitle": "GitHub Search Tests",
                            "title": "Should perform a search and show results",
                            "fullTitle": "GitHub Search Tests Should perform a search and show results",
                            "timedOut": false,
                            "duration": 4509,
                            "state": "passed",
                            "speed": "slow",
                            "pass": true,
                            "fail": false,
                            "pending": false,
                            "context": "",
                            "code": "//Step: browserType.launch | Category: pw:api | Duration: 1756\n//Step: fixture: browser | Category: fixture | Duration: 1759\n//Step: browser.newContext | Category: pw:api | Duration: 11\n//Step: fixture: context | Category: fixture | Duration: 12\n//Step: browserContext.newPage | Category: pw:api | Duration: 578\n//Step: fixture: page | Category: fixture | Duration: 579\n//Step: Before Hooks | Category: hook | Duration: 2356\n//Step: page.goto(https://github.com) | Category: pw:api | Duration: 1827\n//Step: expect.toBeVisible | Category: expect | Duration: 26\n//Step: locator.click(header >> button[aria-label=\"Search or jump to…\"]) | Category: pw:api | Duration: 355\n//Step: expect.toBeVisible | Category: expect | Duration: 38\n//Step: locator.fill(header >> input[name=\"query-builder-test\"]) | Category: pw:api | Duration: 15\n//Step: locator.press(header >> input[name=\"query-builder-test\"], Enter) | Category: pw:api | Duration: 20\n//Step: expect.toBeVisible | Category: expect | Duration: 1104\n//Step: fixture: page | Category: fixture | Duration: 0\n//Step: fixture: context | Category: fixture | Duration: 1\n//Step: After Hooks | Category: hook | Duration: 483",
                            "err": {},
                            "uuid": "57d2cd9f-47e9-4992-9103-b3a06b6e803e",
                            "isHook": false,
                            "skipped": false
                        },
                        {
                            "parentTitle": "GitHub Search Tests",
                            "title": "Should perform a search and show results",
                            "fullTitle": "GitHub Search Tests Should perform a search and show results",
                            "timedOut": false,
                            "duration": 6304,
                            "state": "passed",
                            "speed": "slow",
                            "pass": true,
                            "fail": false,
                            "pending": false,
                            "context": "",
                            "code": "//Step: browserType.launch | Category: pw:api | Duration: 1756\n//Step: fixture: browser | Category: fixture | Duration: 1759\n//Step: browser.newContext | Category: pw:api | Duration: 11\n//Step: fixture: context | Category: fixture | Duration: 12\n//Step: browserContext.newPage | Category: pw:api | Duration: 578\n//Step: fixture: page | Category: fixture | Duration: 579\n//Step: Before Hooks | Category: hook | Duration: 2356\n//Step: page.goto(https://github.com) | Category: pw:api | Duration: 1827\n//Step: expect.toBeVisible | Category: expect | Duration: 26\n//Step: locator.click(header >> button[aria-label=\"Search or jump to…\"]) | Category: pw:api | Duration: 355\n//Step: expect.toBeVisible | Category: expect | Duration: 38\n//Step: locator.fill(header >> input[name=\"query-builder-test\"]) | Category: pw:api | Duration: 15\n//Step: locator.press(header >> input[name=\"query-builder-test\"], Enter) | Category: pw:api | Duration: 20\n//Step: expect.toBeVisible | Category: expect | Duration: 1104\n//Step: fixture: page | Category: fixture | Duration: 0\n//Step: fixture: context | Category: fixture | Duration: 1\n//Step: After Hooks | Category: hook | Duration: 483\n//Step: browserType.launch | Category: pw:api | Duration: 1086\n//Step: fixture: browser | Category: fixture | Duration: 1087\n//Step: browser.newContext | Category: pw:api | Duration: 181\n//Step: fixture: context | Category: fixture | Duration: 185\n//Step: browserContext.newPage | Category: pw:api | Duration: 1422\n//Step: fixture: page | Category: fixture | Duration: 1424\n//Step: Before Hooks | Category: hook | Duration: 2702\n//Step: browser.newContext | Category: pw:api | Duration: 12\n//Step: fixture: context | Category: fixture | Duration: 15\n//Step: browserContext.newPage | Category: pw:api | Duration: 551\n//Step: fixture: page | Category: fixture | Duration: 553\n//Step: Before Hooks | Category: hook | Duration: 574\n//Step: page.goto(https://github.com) | Category: pw:api | Duration: 3163\n//Step: expect.toBeVisible | Category: expect | Duration: 135\n//Step: locator.click(header >> button[aria-label=\"Search or jump to…\"]) | Category: pw:api | Duration: 476\n//Step: expect.toBeVisible | Category: expect | Duration: 16\n//Step: locator.fill(header >> input[name=\"query-builder-test\"]) | Category: pw:api | Duration: 146\n//Step: locator.press(header >> input[name=\"query-builder-test\"], Enter) | Category: pw:api | Duration: 76\n//Step: page.goto(https://github.com) | Category: pw:api | Duration: 1438\n//Step: expect.toBeVisible | Category: expect | Duration: 23\n//Step: expect.toBeVisible | Category: expect | Duration: 450\n//Step: fixture: page | Category: fixture | Duration: 0\n//Step: fixture: context | Category: fixture | Duration: 0\n//Step: locator.click(header >> button[aria-label=\"Search or jump to…\"]) | Category: pw:api | Duration: 256\n//Step: expect.toBeVisible | Category: expect | Duration: 3\n//Step: locator.fill(header >> input[name=\"query-builder-test\"]) | Category: pw:api | Duration: 14\n//Step: locator.press(header >> input[name=\"query-builder-test\"], Enter) | Category: pw:api | Duration: 34\n//Step: After Hooks | Category: hook | Duration: 206",
                            "err": {},
                            "uuid": "782637f6-6d45-4766-b1f9-3934c75e557d",
                            "isHook": false,
                            "skipped": false
                        },
                        {
                            "parentTitle": "GitHub Search Tests",
                            "title": "Should perform a search and show results",
                            "fullTitle": "GitHub Search Tests Should perform a search and show results",
                            "timedOut": false,
                            "duration": 3171,
                            "state": "passed",
                            "speed": "slow",
                            "pass": true,
                            "fail": false,
                            "pending": false,
                            "context": "",
                            "code": "//Step: browserType.launch | Category: pw:api | Duration: 1756\n//Step: fixture: browser | Category: fixture | Duration: 1759\n//Step: browser.newContext | Category: pw:api | Duration: 11\n//Step: fixture: context | Category: fixture | Duration: 12\n//Step: browserContext.newPage | Category: pw:api | Duration: 578\n//Step: fixture: page | Category: fixture | Duration: 579\n//Step: Before Hooks | Category: hook | Duration: 2356\n//Step: page.goto(https://github.com) | Category: pw:api | Duration: 1827\n//Step: expect.toBeVisible | Category: expect | Duration: 26\n//Step: locator.click(header >> button[aria-label=\"Search or jump to…\"]) | Category: pw:api | Duration: 355\n//Step: expect.toBeVisible | Category: expect | Duration: 38\n//Step: locator.fill(header >> input[name=\"query-builder-test\"]) | Category: pw:api | Duration: 15\n//Step: locator.press(header >> input[name=\"query-builder-test\"], Enter) | Category: pw:api | Duration: 20\n//Step: expect.toBeVisible | Category: expect | Duration: 1104\n//Step: fixture: page | Category: fixture | Duration: 0\n//Step: fixture: context | Category: fixture | Duration: 1\n//Step: After Hooks | Category: hook | Duration: 483\n//Step: browserType.launch | Category: pw:api | Duration: 1086\n//Step: fixture: browser | Category: fixture | Duration: 1087\n//Step: browser.newContext | Category: pw:api | Duration: 181\n//Step: fixture: context | Category: fixture | Duration: 185\n//Step: browserContext.newPage | Category: pw:api | Duration: 1422\n//Step: fixture: page | Category: fixture | Duration: 1424\n//Step: Before Hooks | Category: hook | Duration: 2702\n//Step: browser.newContext | Category: pw:api | Duration: 12\n//Step: fixture: context | Category: fixture | Duration: 15\n//Step: browserContext.newPage | Category: pw:api | Duration: 551\n//Step: fixture: page | Category: fixture | Duration: 553\n//Step: Before Hooks | Category: hook | Duration: 574\n//Step: page.goto(https://github.com) | Category: pw:api | Duration: 3163\n//Step: expect.toBeVisible | Category: expect | Duration: 135\n//Step: locator.click(header >> button[aria-label=\"Search or jump to…\"]) | Category: pw:api | Duration: 476\n//Step: expect.toBeVisible | Category: expect | Duration: 16\n//Step: locator.fill(header >> input[name=\"query-builder-test\"]) | Category: pw:api | Duration: 146\n//Step: locator.press(header >> input[name=\"query-builder-test\"], Enter) | Category: pw:api | Duration: 76\n//Step: page.goto(https://github.com) | Category: pw:api | Duration: 1438\n//Step: expect.toBeVisible | Category: expect | Duration: 23\n//Step: expect.toBeVisible | Category: expect | Duration: 450\n//Step: fixture: page | Category: fixture | Duration: 0\n//Step: fixture: context | Category: fixture | Duration: 0\n//Step: locator.click(header >> button[aria-label=\"Search or jump to…\"]) | Category: pw:api | Duration: 256\n//Step: expect.toBeVisible | Category: expect | Duration: 3\n//Step: locator.fill(header >> input[name=\"query-builder-test\"]) | Category: pw:api | Duration: 14\n//Step: locator.press(header >> input[name=\"query-builder-test\"], Enter) | Category: pw:api | Duration: 34\n//Step: After Hooks | Category: hook | Duration: 206\n//Step: expect.toBeVisible | Category: expect | Duration: 482\n//Step: fixture: page | Category: fixture | Duration: 0\n//Step: fixture: context | Category: fixture | Duration: 0\n//Step: After Hooks | Category: hook | Duration: 342",
                            "err": {},
                            "uuid": "52a357e0-5d2a-4978-be62-e8864ce518ea",
                            "isHook": false,
                            "skipped": false
                        }
                    ],
                    "suites": [],
                    "passes": [
                        "57d2cd9f-47e9-4992-9103-b3a06b6e803e",
                        "782637f6-6d45-4766-b1f9-3934c75e557d",
                        "52a357e0-5d2a-4978-be62-e8864ce518ea"
                    ],
                    "failures": [],
                    "pending": [],
                    "skipped": [],
                    "duration": 13984,
                    "root": false,
                    "rootEmpty": false,
                    "_timeout": 0
                },
                {
                    "uuid": "4ee557cf-466f-4b5a-8914-820c717ddd34",
                    "title": "GitHub Main Page Tests",
                    "fullFile": "/Users/bohdanyankevych/QA-AUTOMATION-TYPESCRIPT-1_Homework./lesson21/tests/github-main-page.spec.ts",
                    "file": "github-main-page.spec.ts",
                    "beforeHooks": [],
                    "afterHooks": [],
                    "tests": [
                        {
                            "parentTitle": "GitHub Main Page Tests",
                            "title": "Search for playwright from main page",
                            "fullTitle": "GitHub Main Page Tests Search for playwright from main page",
                            "timedOut": false,
                            "duration": 3459,
                            "state": "passed",
                            "speed": "slow",
                            "pass": true,
                            "fail": false,
                            "pending": false,
                            "context": "",
                            "code": "//Step: browserType.launch | Category: pw:api | Duration: 1748\n//Step: fixture: browser | Category: fixture | Duration: 1749\n//Step: browser.newContext | Category: pw:api | Duration: 12\n//Step: fixture: context | Category: fixture | Duration: 14\n//Step: browserContext.newPage | Category: pw:api | Duration: 567\n//Step: fixture: page | Category: fixture | Duration: 568\n//Step: Before Hooks | Category: hook | Duration: 2335\n//Step: page.goto(https://github.com) | Category: pw:api | Duration: 1906\n//Step: expect.toBeVisible | Category: expect | Duration: 242\n//Step: locator.click(header >> button[aria-label=\"Search or jump to…\"]) | Category: pw:api | Duration: 117\n//Step: expect.toBeVisible | Category: expect | Duration: 7\n//Step: locator.fill(header >> input[name=\"query-builder-test\"]) | Category: pw:api | Duration: 12\n//Step: locator.press(header >> input[name=\"query-builder-test\"], Enter) | Category: pw:api | Duration: 39\n//Step: fixture: page | Category: fixture | Duration: 1\n//Step: fixture: context | Category: fixture | Duration: 0\n//Step: After Hooks | Category: hook | Duration: 479",
                            "err": {},
                            "uuid": "8118d642-3eb6-4e84-8647-19871911b678",
                            "isHook": false,
                            "skipped": false
                        },
                        {
                            "parentTitle": "GitHub Main Page Tests",
                            "title": "Visit main page and verify header",
                            "fullTitle": "GitHub Main Page Tests Visit main page and verify header",
                            "timedOut": false,
                            "duration": 3495,
                            "state": "passed",
                            "speed": "slow",
                            "pass": true,
                            "fail": false,
                            "pending": false,
                            "context": "",
                            "code": "//Step: browserType.launch | Category: pw:api | Duration: 1652\n//Step: fixture: browser | Category: fixture | Duration: 1653\n//Step: browser.newContext | Category: pw:api | Duration: 17\n//Step: fixture: context | Category: fixture | Duration: 39\n//Step: browserType.launch | Category: pw:api | Duration: 1758\n//Step: fixture: browser | Category: fixture | Duration: 1759\n//Step: browser.newContext | Category: pw:api | Duration: 12\n//Step: fixture: context | Category: fixture | Duration: 15\n//Step: browserContext.newPage | Category: pw:api | Duration: 617\n//Step: fixture: page | Category: fixture | Duration: 618\n//Step: Before Hooks | Category: hook | Duration: 2398\n//Step: browserContext.newPage | Category: pw:api | Duration: 1942\n//Step: fixture: page | Category: fixture | Duration: 1958\n//Step: Before Hooks | Category: hook | Duration: 3659\n//Step: page.goto(https://github.com) | Category: pw:api | Duration: 2328\n//Step: expect.toBeVisible | Category: expect | Duration: 243\n//Step: expect.toBeVisible | Category: expect | Duration: 6\n//Step: fixture: page | Category: fixture | Duration: 2\n//Step: fixture: context | Category: fixture | Duration: 0\n//Step: After Hooks | Category: hook | Duration: 234",
                            "err": {},
                            "uuid": "3de0aa99-c041-4de9-8639-894e775bf6df",
                            "isHook": false,
                            "skipped": false
                        },
                        {
                            "parentTitle": "GitHub Main Page Tests",
                            "title": "Visit main page and verify header",
                            "fullTitle": "GitHub Main Page Tests Visit main page and verify header",
                            "timedOut": false,
                            "duration": 4302,
                            "state": "passed",
                            "speed": "slow",
                            "pass": true,
                            "fail": false,
                            "pending": false,
                            "context": "",
                            "code": "//Step: browserType.launch | Category: pw:api | Duration: 1652\n//Step: fixture: browser | Category: fixture | Duration: 1653\n//Step: browser.newContext | Category: pw:api | Duration: 17\n//Step: fixture: context | Category: fixture | Duration: 39\n//Step: browserType.launch | Category: pw:api | Duration: 1758\n//Step: fixture: browser | Category: fixture | Duration: 1759\n//Step: browser.newContext | Category: pw:api | Duration: 12\n//Step: fixture: context | Category: fixture | Duration: 15\n//Step: browserContext.newPage | Category: pw:api | Duration: 617\n//Step: fixture: page | Category: fixture | Duration: 618\n//Step: Before Hooks | Category: hook | Duration: 2398\n//Step: browserContext.newPage | Category: pw:api | Duration: 1942\n//Step: fixture: page | Category: fixture | Duration: 1958\n//Step: Before Hooks | Category: hook | Duration: 3659\n//Step: page.goto(https://github.com) | Category: pw:api | Duration: 2328\n//Step: expect.toBeVisible | Category: expect | Duration: 243\n//Step: expect.toBeVisible | Category: expect | Duration: 6\n//Step: fixture: page | Category: fixture | Duration: 2\n//Step: fixture: context | Category: fixture | Duration: 0\n//Step: After Hooks | Category: hook | Duration: 234\n//Step: page.goto(https://github.com) | Category: pw:api | Duration: 2073\n//Step: expect.toBeVisible | Category: expect | Duration: 33\n//Step: expect.toBeVisible | Category: expect | Duration: 7\n//Step: fixture: page | Category: fixture | Duration: 0\n//Step: fixture: context | Category: fixture | Duration: 0\n//Step: After Hooks | Category: hook | Duration: 180",
                            "err": {},
                            "uuid": "a38138b6-208d-4101-9c70-527401bd1285",
                            "isHook": false,
                            "skipped": false
                        },
                        {
                            "parentTitle": "GitHub Main Page Tests",
                            "title": "Visit main page and verify header",
                            "fullTitle": "GitHub Main Page Tests Visit main page and verify header",
                            "timedOut": false,
                            "duration": 4397,
                            "state": "passed",
                            "speed": "slow",
                            "pass": true,
                            "fail": false,
                            "pending": false,
                            "context": "",
                            "code": "//Step: browserType.launch | Category: pw:api | Duration: 1652\n//Step: fixture: browser | Category: fixture | Duration: 1653\n//Step: browser.newContext | Category: pw:api | Duration: 17\n//Step: fixture: context | Category: fixture | Duration: 39\n//Step: browserType.launch | Category: pw:api | Duration: 1758\n//Step: fixture: browser | Category: fixture | Duration: 1759\n//Step: browser.newContext | Category: pw:api | Duration: 12\n//Step: fixture: context | Category: fixture | Duration: 15\n//Step: browserContext.newPage | Category: pw:api | Duration: 617\n//Step: fixture: page | Category: fixture | Duration: 618\n//Step: Before Hooks | Category: hook | Duration: 2398\n//Step: browserContext.newPage | Category: pw:api | Duration: 1942\n//Step: fixture: page | Category: fixture | Duration: 1958\n//Step: Before Hooks | Category: hook | Duration: 3659\n//Step: page.goto(https://github.com) | Category: pw:api | Duration: 2328\n//Step: expect.toBeVisible | Category: expect | Duration: 243\n//Step: expect.toBeVisible | Category: expect | Duration: 6\n//Step: fixture: page | Category: fixture | Duration: 2\n//Step: fixture: context | Category: fixture | Duration: 0\n//Step: After Hooks | Category: hook | Duration: 234\n//Step: page.goto(https://github.com) | Category: pw:api | Duration: 2073\n//Step: expect.toBeVisible | Category: expect | Duration: 33\n//Step: expect.toBeVisible | Category: expect | Duration: 7\n//Step: fixture: page | Category: fixture | Duration: 0\n//Step: fixture: context | Category: fixture | Duration: 0\n//Step: After Hooks | Category: hook | Duration: 180\n//Step: browserType.launch | Category: pw:api | Duration: 426\n//Step: fixture: browser | Category: fixture | Duration: 427\n//Step: browser.newContext | Category: pw:api | Duration: 65\n//Step: fixture: context | Category: fixture | Duration: 68\n//Step: browserContext.newPage | Category: pw:api | Duration: 665\n//Step: fixture: page | Category: fixture | Duration: 666\n//Step: Before Hooks | Category: hook | Duration: 1175\n//Step: page.goto(https://github.com) | Category: pw:api | Duration: 2364\n//Step: expect.toBeVisible | Category: expect | Duration: 339\n//Step: expect.toBeVisible | Category: expect | Duration: 75\n//Step: fixture: page | Category: fixture | Duration: 1\n//Step: fixture: context | Category: fixture | Duration: 0\n//Step: After Hooks | Category: hook | Duration: 850",
                            "err": {},
                            "uuid": "f5a33c5c-51cb-4801-a55a-28fd5a34f542",
                            "isHook": false,
                            "skipped": false
                        },
                        {
                            "parentTitle": "GitHub Main Page Tests",
                            "title": "Search for playwright from main page",
                            "fullTitle": "GitHub Main Page Tests Search for playwright from main page",
                            "timedOut": false,
                            "duration": 4933,
                            "state": "passed",
                            "speed": "slow",
                            "pass": true,
                            "fail": false,
                            "pending": false,
                            "context": "",
                            "code": "//Step: browserType.launch | Category: pw:api | Duration: 1748\n//Step: fixture: browser | Category: fixture | Duration: 1749\n//Step: browser.newContext | Category: pw:api | Duration: 12\n//Step: fixture: context | Category: fixture | Duration: 14\n//Step: browserContext.newPage | Category: pw:api | Duration: 567\n//Step: fixture: page | Category: fixture | Duration: 568\n//Step: Before Hooks | Category: hook | Duration: 2335\n//Step: page.goto(https://github.com) | Category: pw:api | Duration: 1906\n//Step: expect.toBeVisible | Category: expect | Duration: 242\n//Step: locator.click(header >> button[aria-label=\"Search or jump to…\"]) | Category: pw:api | Duration: 117\n//Step: expect.toBeVisible | Category: expect | Duration: 7\n//Step: locator.fill(header >> input[name=\"query-builder-test\"]) | Category: pw:api | Duration: 12\n//Step: locator.press(header >> input[name=\"query-builder-test\"], Enter) | Category: pw:api | Duration: 39\n//Step: fixture: page | Category: fixture | Duration: 1\n//Step: fixture: context | Category: fixture | Duration: 0\n//Step: After Hooks | Category: hook | Duration: 479\n//Step: browserType.launch | Category: pw:api | Duration: 393\n//Step: fixture: browser | Category: fixture | Duration: 395\n//Step: browserType.launch | Category: pw:api | Duration: 645\n//Step: fixture: browser | Category: fixture | Duration: 646\n//Step: browser.newContext | Category: pw:api | Duration: 65\n//Step: fixture: context | Category: fixture | Duration: 67\n//Step: browser.newContext | Category: pw:api | Duration: 17\n//Step: fixture: context | Category: fixture | Duration: 19\n//Step: browserContext.newPage | Category: pw:api | Duration: 669\n//Step: fixture: page | Category: fixture | Duration: 671\n//Step: Before Hooks | Category: hook | Duration: 1137\n//Step: browserContext.newPage | Category: pw:api | Duration: 976\n//Step: fixture: page | Category: fixture | Duration: 978\n//Step: Before Hooks | Category: hook | Duration: 1648\n//Step: page.goto(https://github.com) | Category: pw:api | Duration: 2410\n//Step: expect.toBeVisible | Category: expect | Duration: 274\n//Step: page.goto(https://github.com) | Category: pw:api | Duration: 2637\n//Step: locator.click(header >> button[aria-label=\"Search or jump to…\"]) | Category: pw:api | Duration: 244\n//Step: expect.toBeVisible | Category: expect | Duration: 13\n//Step: locator.fill(header >> input[name=\"query-builder-test\"]) | Category: pw:api | Duration: 53\n//Step: locator.press(header >> input[name=\"query-builder-test\"], Enter) | Category: pw:api | Duration: 126\n//Step: fixture: page | Category: fixture | Duration: 0\n//Step: fixture: context | Category: fixture | Duration: 9\n//Step: expect.toBeVisible | Category: expect | Duration: 1028\n//Step: After Hooks | Category: hook | Duration: 1013",
                            "err": {},
                            "uuid": "e5a06f66-c5a6-4b4a-b9f7-6da7c88c21ad",
                            "isHook": false,
                            "skipped": false
                        },
                        {
                            "parentTitle": "GitHub Main Page Tests",
                            "title": "Search for playwright from main page",
                            "fullTitle": "GitHub Main Page Tests Search for playwright from main page",
                            "timedOut": false,
                            "duration": 5542,
                            "state": "passed",
                            "speed": "slow",
                            "pass": true,
                            "fail": false,
                            "pending": false,
                            "context": "",
                            "code": "//Step: browserType.launch | Category: pw:api | Duration: 1748\n//Step: fixture: browser | Category: fixture | Duration: 1749\n//Step: browser.newContext | Category: pw:api | Duration: 12\n//Step: fixture: context | Category: fixture | Duration: 14\n//Step: browserContext.newPage | Category: pw:api | Duration: 567\n//Step: fixture: page | Category: fixture | Duration: 568\n//Step: Before Hooks | Category: hook | Duration: 2335\n//Step: page.goto(https://github.com) | Category: pw:api | Duration: 1906\n//Step: expect.toBeVisible | Category: expect | Duration: 242\n//Step: locator.click(header >> button[aria-label=\"Search or jump to…\"]) | Category: pw:api | Duration: 117\n//Step: expect.toBeVisible | Category: expect | Duration: 7\n//Step: locator.fill(header >> input[name=\"query-builder-test\"]) | Category: pw:api | Duration: 12\n//Step: locator.press(header >> input[name=\"query-builder-test\"], Enter) | Category: pw:api | Duration: 39\n//Step: fixture: page | Category: fixture | Duration: 1\n//Step: fixture: context | Category: fixture | Duration: 0\n//Step: After Hooks | Category: hook | Duration: 479\n//Step: browserType.launch | Category: pw:api | Duration: 393\n//Step: fixture: browser | Category: fixture | Duration: 395\n//Step: browserType.launch | Category: pw:api | Duration: 645\n//Step: fixture: browser | Category: fixture | Duration: 646\n//Step: browser.newContext | Category: pw:api | Duration: 65\n//Step: fixture: context | Category: fixture | Duration: 67\n//Step: browser.newContext | Category: pw:api | Duration: 17\n//Step: fixture: context | Category: fixture | Duration: 19\n//Step: browserContext.newPage | Category: pw:api | Duration: 669\n//Step: fixture: page | Category: fixture | Duration: 671\n//Step: Before Hooks | Category: hook | Duration: 1137\n//Step: browserContext.newPage | Category: pw:api | Duration: 976\n//Step: fixture: page | Category: fixture | Duration: 978\n//Step: Before Hooks | Category: hook | Duration: 1648\n//Step: page.goto(https://github.com) | Category: pw:api | Duration: 2410\n//Step: expect.toBeVisible | Category: expect | Duration: 274\n//Step: page.goto(https://github.com) | Category: pw:api | Duration: 2637\n//Step: locator.click(header >> button[aria-label=\"Search or jump to…\"]) | Category: pw:api | Duration: 244\n//Step: expect.toBeVisible | Category: expect | Duration: 13\n//Step: locator.fill(header >> input[name=\"query-builder-test\"]) | Category: pw:api | Duration: 53\n//Step: locator.press(header >> input[name=\"query-builder-test\"], Enter) | Category: pw:api | Duration: 126\n//Step: fixture: page | Category: fixture | Duration: 0\n//Step: fixture: context | Category: fixture | Duration: 9\n//Step: expect.toBeVisible | Category: expect | Duration: 1028\n//Step: After Hooks | Category: hook | Duration: 1013\n//Step: locator.click(header >> button[aria-label=\"Search or jump to…\"]) | Category: pw:api | Duration: 325\n//Step: expect.toBeVisible | Category: expect | Duration: 25\n//Step: locator.fill(header >> input[name=\"query-builder-test\"]) | Category: pw:api | Duration: 215\n//Step: locator.press(header >> input[name=\"query-builder-test\"], Enter) | Category: pw:api | Duration: 67\n//Step: fixture: page | Category: fixture | Duration: 0\n//Step: fixture: context | Category: fixture | Duration: 0\n//Step: After Hooks | Category: hook | Duration: 226",
                            "err": {},
                            "uuid": "0c3f3019-fc2e-49a0-981f-426cd7ce271a",
                            "isHook": false,
                            "skipped": false
                        }
                    ],
                    "suites": [],
                    "passes": [
                        "8118d642-3eb6-4e84-8647-19871911b678",
                        "3de0aa99-c041-4de9-8639-894e775bf6df",
                        "a38138b6-208d-4101-9c70-527401bd1285",
                        "f5a33c5c-51cb-4801-a55a-28fd5a34f542",
                        "e5a06f66-c5a6-4b4a-b9f7-6da7c88c21ad",
                        "0c3f3019-fc2e-49a0-981f-426cd7ce271a"
                    ],
                    "failures": [],
                    "pending": [],
                    "skipped": [],
                    "duration": 26128,
                    "root": false,
                    "rootEmpty": false,
                    "_timeout": 0
                },
                {
                    "uuid": "d9c2b444-2bbb-4f09-9a1a-96810d8e96a2",
                    "title": "GitHub Search Tests",
                    "fullFile": "/Users/bohdanyankevych/QA-AUTOMATION-TYPESCRIPT-1_Homework./lesson21/tests/github-search.spec.ts",
                    "file": "github-search.spec.ts",
                    "beforeHooks": [],
                    "afterHooks": [],
                    "tests": [
                        {
                            "parentTitle": "GitHub Search Tests",
                            "title": "Should perform a search and show results",
                            "fullTitle": "GitHub Search Tests Should perform a search and show results",
                            "timedOut": false,
                            "duration": 4509,
                            "state": "passed",
                            "speed": "slow",
                            "pass": true,
                            "fail": false,
                            "pending": false,
                            "context": "",
                            "code": "//Step: browserType.launch | Category: pw:api | Duration: 1756\n//Step: fixture: browser | Category: fixture | Duration: 1759\n//Step: browser.newContext | Category: pw:api | Duration: 11\n//Step: fixture: context | Category: fixture | Duration: 12\n//Step: browserContext.newPage | Category: pw:api | Duration: 578\n//Step: fixture: page | Category: fixture | Duration: 579\n//Step: Before Hooks | Category: hook | Duration: 2356\n//Step: page.goto(https://github.com) | Category: pw:api | Duration: 1827\n//Step: expect.toBeVisible | Category: expect | Duration: 26\n//Step: locator.click(header >> button[aria-label=\"Search or jump to…\"]) | Category: pw:api | Duration: 355\n//Step: expect.toBeVisible | Category: expect | Duration: 38\n//Step: locator.fill(header >> input[name=\"query-builder-test\"]) | Category: pw:api | Duration: 15\n//Step: locator.press(header >> input[name=\"query-builder-test\"], Enter) | Category: pw:api | Duration: 20\n//Step: expect.toBeVisible | Category: expect | Duration: 1104\n//Step: fixture: page | Category: fixture | Duration: 0\n//Step: fixture: context | Category: fixture | Duration: 1\n//Step: After Hooks | Category: hook | Duration: 483",
                            "err": {},
                            "uuid": "57d2cd9f-47e9-4992-9103-b3a06b6e803e",
                            "isHook": false,
                            "skipped": false
                        },
                        {
                            "parentTitle": "GitHub Search Tests",
                            "title": "Should perform a search and show results",
                            "fullTitle": "GitHub Search Tests Should perform a search and show results",
                            "timedOut": false,
                            "duration": 6304,
                            "state": "passed",
                            "speed": "slow",
                            "pass": true,
                            "fail": false,
                            "pending": false,
                            "context": "",
                            "code": "//Step: browserType.launch | Category: pw:api | Duration: 1756\n//Step: fixture: browser | Category: fixture | Duration: 1759\n//Step: browser.newContext | Category: pw:api | Duration: 11\n//Step: fixture: context | Category: fixture | Duration: 12\n//Step: browserContext.newPage | Category: pw:api | Duration: 578\n//Step: fixture: page | Category: fixture | Duration: 579\n//Step: Before Hooks | Category: hook | Duration: 2356\n//Step: page.goto(https://github.com) | Category: pw:api | Duration: 1827\n//Step: expect.toBeVisible | Category: expect | Duration: 26\n//Step: locator.click(header >> button[aria-label=\"Search or jump to…\"]) | Category: pw:api | Duration: 355\n//Step: expect.toBeVisible | Category: expect | Duration: 38\n//Step: locator.fill(header >> input[name=\"query-builder-test\"]) | Category: pw:api | Duration: 15\n//Step: locator.press(header >> input[name=\"query-builder-test\"], Enter) | Category: pw:api | Duration: 20\n//Step: expect.toBeVisible | Category: expect | Duration: 1104\n//Step: fixture: page | Category: fixture | Duration: 0\n//Step: fixture: context | Category: fixture | Duration: 1\n//Step: After Hooks | Category: hook | Duration: 483\n//Step: browserType.launch | Category: pw:api | Duration: 1086\n//Step: fixture: browser | Category: fixture | Duration: 1087\n//Step: browser.newContext | Category: pw:api | Duration: 181\n//Step: fixture: context | Category: fixture | Duration: 185\n//Step: browserContext.newPage | Category: pw:api | Duration: 1422\n//Step: fixture: page | Category: fixture | Duration: 1424\n//Step: Before Hooks | Category: hook | Duration: 2702\n//Step: browser.newContext | Category: pw:api | Duration: 12\n//Step: fixture: context | Category: fixture | Duration: 15\n//Step: browserContext.newPage | Category: pw:api | Duration: 551\n//Step: fixture: page | Category: fixture | Duration: 553\n//Step: Before Hooks | Category: hook | Duration: 574\n//Step: page.goto(https://github.com) | Category: pw:api | Duration: 3163\n//Step: expect.toBeVisible | Category: expect | Duration: 135\n//Step: locator.click(header >> button[aria-label=\"Search or jump to…\"]) | Category: pw:api | Duration: 476\n//Step: expect.toBeVisible | Category: expect | Duration: 16\n//Step: locator.fill(header >> input[name=\"query-builder-test\"]) | Category: pw:api | Duration: 146\n//Step: locator.press(header >> input[name=\"query-builder-test\"], Enter) | Category: pw:api | Duration: 76\n//Step: page.goto(https://github.com) | Category: pw:api | Duration: 1438\n//Step: expect.toBeVisible | Category: expect | Duration: 23\n//Step: expect.toBeVisible | Category: expect | Duration: 450\n//Step: fixture: page | Category: fixture | Duration: 0\n//Step: fixture: context | Category: fixture | Duration: 0\n//Step: locator.click(header >> button[aria-label=\"Search or jump to…\"]) | Category: pw:api | Duration: 256\n//Step: expect.toBeVisible | Category: expect | Duration: 3\n//Step: locator.fill(header >> input[name=\"query-builder-test\"]) | Category: pw:api | Duration: 14\n//Step: locator.press(header >> input[name=\"query-builder-test\"], Enter) | Category: pw:api | Duration: 34\n//Step: After Hooks | Category: hook | Duration: 206",
                            "err": {},
                            "uuid": "782637f6-6d45-4766-b1f9-3934c75e557d",
                            "isHook": false,
                            "skipped": false
                        },
                        {
                            "parentTitle": "GitHub Search Tests",
                            "title": "Should perform a search and show results",
                            "fullTitle": "GitHub Search Tests Should perform a search and show results",
                            "timedOut": false,
                            "duration": 3171,
                            "state": "passed",
                            "speed": "slow",
                            "pass": true,
                            "fail": false,
                            "pending": false,
                            "context": "",
                            "code": "//Step: browserType.launch | Category: pw:api | Duration: 1756\n//Step: fixture: browser | Category: fixture | Duration: 1759\n//Step: browser.newContext | Category: pw:api | Duration: 11\n//Step: fixture: context | Category: fixture | Duration: 12\n//Step: browserContext.newPage | Category: pw:api | Duration: 578\n//Step: fixture: page | Category: fixture | Duration: 579\n//Step: Before Hooks | Category: hook | Duration: 2356\n//Step: page.goto(https://github.com) | Category: pw:api | Duration: 1827\n//Step: expect.toBeVisible | Category: expect | Duration: 26\n//Step: locator.click(header >> button[aria-label=\"Search or jump to…\"]) | Category: pw:api | Duration: 355\n//Step: expect.toBeVisible | Category: expect | Duration: 38\n//Step: locator.fill(header >> input[name=\"query-builder-test\"]) | Category: pw:api | Duration: 15\n//Step: locator.press(header >> input[name=\"query-builder-test\"], Enter) | Category: pw:api | Duration: 20\n//Step: expect.toBeVisible | Category: expect | Duration: 1104\n//Step: fixture: page | Category: fixture | Duration: 0\n//Step: fixture: context | Category: fixture | Duration: 1\n//Step: After Hooks | Category: hook | Duration: 483\n//Step: browserType.launch | Category: pw:api | Duration: 1086\n//Step: fixture: browser | Category: fixture | Duration: 1087\n//Step: browser.newContext | Category: pw:api | Duration: 181\n//Step: fixture: context | Category: fixture | Duration: 185\n//Step: browserContext.newPage | Category: pw:api | Duration: 1422\n//Step: fixture: page | Category: fixture | Duration: 1424\n//Step: Before Hooks | Category: hook | Duration: 2702\n//Step: browser.newContext | Category: pw:api | Duration: 12\n//Step: fixture: context | Category: fixture | Duration: 15\n//Step: browserContext.newPage | Category: pw:api | Duration: 551\n//Step: fixture: page | Category: fixture | Duration: 553\n//Step: Before Hooks | Category: hook | Duration: 574\n//Step: page.goto(https://github.com) | Category: pw:api | Duration: 3163\n//Step: expect.toBeVisible | Category: expect | Duration: 135\n//Step: locator.click(header >> button[aria-label=\"Search or jump to…\"]) | Category: pw:api | Duration: 476\n//Step: expect.toBeVisible | Category: expect | Duration: 16\n//Step: locator.fill(header >> input[name=\"query-builder-test\"]) | Category: pw:api | Duration: 146\n//Step: locator.press(header >> input[name=\"query-builder-test\"], Enter) | Category: pw:api | Duration: 76\n//Step: page.goto(https://github.com) | Category: pw:api | Duration: 1438\n//Step: expect.toBeVisible | Category: expect | Duration: 23\n//Step: expect.toBeVisible | Category: expect | Duration: 450\n//Step: fixture: page | Category: fixture | Duration: 0\n//Step: fixture: context | Category: fixture | Duration: 0\n//Step: locator.click(header >> button[aria-label=\"Search or jump to…\"]) | Category: pw:api | Duration: 256\n//Step: expect.toBeVisible | Category: expect | Duration: 3\n//Step: locator.fill(header >> input[name=\"query-builder-test\"]) | Category: pw:api | Duration: 14\n//Step: locator.press(header >> input[name=\"query-builder-test\"], Enter) | Category: pw:api | Duration: 34\n//Step: After Hooks | Category: hook | Duration: 206\n//Step: expect.toBeVisible | Category: expect | Duration: 482\n//Step: fixture: page | Category: fixture | Duration: 0\n//Step: fixture: context | Category: fixture | Duration: 0\n//Step: After Hooks | Category: hook | Duration: 342",
                            "err": {},
                            "uuid": "52a357e0-5d2a-4978-be62-e8864ce518ea",
                            "isHook": false,
                            "skipped": false
                        }
                    ],
                    "suites": [],
                    "passes": [
                        "57d2cd9f-47e9-4992-9103-b3a06b6e803e",
                        "782637f6-6d45-4766-b1f9-3934c75e557d",
                        "52a357e0-5d2a-4978-be62-e8864ce518ea"
                    ],
                    "failures": [],
                    "pending": [],
                    "skipped": [],
                    "duration": 13984,
                    "root": false,
                    "rootEmpty": false,
                    "_timeout": 0
                }
            ],
            "passes": [],
            "failures": [],
            "pending": [],
            "skipped": [],
            "duration": 0,
            "root": true,
            "rootEmpty": true,
            "_timeout": 0
        }
    ],
    "meta": {
        "mochawesome": {
            "options": {},
            "version": "7.1.3"
        },
        "marge": {
            "options": {},
            "version": "6.2.0"
        },
        "mocha": {
            "version": "7.1.3"
        }
    }
}